Copyright 1986-2020 Xilinx, Inc. All Rights Reserved.
------------------------------------------------------------------------------------
| Tool Version : Vivado v.2020.2 (win64) Build 3064766 Wed Nov 18 09:12:45 MST 2020
| Date         : Tue Aug 12 19:15:35 2025
| Host         : AsusROG running 64-bit major release  (build 9200)
| Command      : upgrade_ip
| Device       : xc7z020clg484-1
------------------------------------------------------------------------------------

Upgrade Log for IP 'IP_MAC_BD_rst_ps7_0_200M_0'

1. Summary
----------

SUCCESS in the upgrade of IP_MAC_BD_rst_ps7_0_200M_0 (xilinx.com:ip:proc_sys_reset:5.0) from (Rev. 12) to (Rev. 13)






Copyright 1986-2020 Xilinx, Inc. All Rights Reserved.
------------------------------------------------------------------------------------
| Tool Version : Vivado v.2020.2 (win64) Build 3064766 Wed Nov 18 09:12:45 MST 2020
| Date         : Tue Aug 12 19:15:35 2025
| Host         : AsusROG running 64-bit major release  (build 9200)
| Command      : upgrade_ip
| Device       : xc7z020clg484-1
------------------------------------------------------------------------------------

Upgrade Log for IP 'IP_MAC_BD_ps7_0_axi_periph_0'

1. Summary
----------

SUCCESS in the upgrade of IP_MAC_BD_ps7_0_axi_periph_0 (xilinx.com:ip:axi_interconnect:2.1) from (Rev. 18) to (Rev. 23)






Copyright 1986-2020 Xilinx, Inc. All Rights Reserved.
------------------------------------------------------------------------------------
| Tool Version : Vivado v.2020.2 (win64) Build 3064766 Wed Nov 18 09:12:45 MST 2020
| Date         : Tue Aug 12 19:15:35 2025
| Host         : AsusROG running 64-bit major release  (build 9200)
| Command      : upgrade_ip
| Device       : xc7z020clg484-1
------------------------------------------------------------------------------------

Upgrade Log for IP 'IP_MAC_BD_ila_0_1'

1. Summary
----------

SUCCESS in the upgrade of IP_MAC_BD_ila_0_1 (xilinx.com:ip:ila:6.2) from (Rev. 7) to (Rev. 11)






Copyright 1986-2020 Xilinx, Inc. All Rights Reserved.
------------------------------------------------------------------------------------
| Tool Version : Vivado v.2020.2 (win64) Build 3064766 Wed Nov 18 09:12:45 MST 2020
| Date         : Tue Aug 12 19:15:35 2025
| Host         : AsusROG running 64-bit major release  (build 9200)
| Command      : upgrade_ip
| Device       : xc7z020clg484-1
------------------------------------------------------------------------------------

Upgrade Log for IP 'IP_MAC_BD_ila_0_0'

1. Summary
----------

SUCCESS in the upgrade of IP_MAC_BD_ila_0_0 (xilinx.com:ip:ila:6.2) from (Rev. 7) to (Rev. 11)






Copyright 1986-2020 Xilinx, Inc. All Rights Reserved.
------------------------------------------------------------------------------------
| Tool Version : Vivado v.2020.2 (win64) Build 3064766 Wed Nov 18 09:12:45 MST 2020
| Date         : Tue Aug 12 19:15:35 2025
| Host         : AsusROG running 64-bit major release  (build 9200)
| Command      : upgrade_ip
| Device       : xc7z020clg484-1
------------------------------------------------------------------------------------

Upgrade Log for IP 'IP_MAC_BD_axi_smc_0'

1. Summary
----------

SUCCESS in the upgrade of IP_MAC_BD_axi_smc_0 (xilinx.com:ip:smartconnect:1.0) from (Rev. 9) to (Rev. 14)

After upgrade, an IP may have parameter and port differences compared to the original customization. Please review the parameters within the IP customization GUI to ensure proper functionality. Also, please review the updated IP instantiation template to ensure proper connectivity, and update your design if required.

2. Connection and Interface Information
---------------------------------------

Connection and Interface information can not be compared for deferred elaboration IPs.
IP_MAC_BD_axi_smc_0 may have connection or interface changes.







Copyright 1986-2020 Xilinx, Inc. All Rights Reserved.
------------------------------------------------------------------------------------
| Tool Version : Vivado v.2020.2 (win64) Build 3064766 Wed Nov 18 09:12:45 MST 2020
| Date         : Tue Aug 12 19:15:35 2025
| Host         : AsusROG running 64-bit major release  (build 9200)
| Command      : upgrade_ip
| Device       : xc7z020clg484-1
------------------------------------------------------------------------------------

Upgrade Log for IP 'IP_MAC_BD_axi_dma_0_0'

1. Summary
----------

SUCCESS in the upgrade of IP_MAC_BD_axi_dma_0_0 (xilinx.com:ip:axi_dma:7.1) from (Rev. 18) to (Rev. 23)

